<?xml version="1.0" encoding="UTF-8"?>
<testsuite name="com.bridgelabz.test.LoginPageTest" tests="1" skipped="0" failures="0" errors="0" timestamp="2020-01-18T10:39:58" hostname="admin1-desktop" time="13.217">
  <properties/>
  <testcase name="loginTestWith_InvalidCredentials" classname="com.bridgelabz.test.LoginPageTest" time="13.217"/>
  <system-out><![CDATA[Test start
Test which are passed .......loginTestWith_InvalidCredentials
]]></system-out>
  <system-err><![CDATA[Starting ChromeDriver 79.0.3945.36 (3582db32b33893869b8c1339e8f4d9ed1816f143-refs/branch-heads/3945@{#614}) on port 16540
Only local connections are allowed.
Please protect ports used by ChromeDriver and related test frameworks to prevent access by malicious code.
Jan 18, 2020 4:09:58 PM org.openqa.selenium.remote.ProtocolHandshake createSession
INFO: Detected dialect: W3C
Starting ChromeDriver 79.0.3945.36 (3582db32b33893869b8c1339e8f4d9ed1816f143-refs/branch-heads/3945@{#614}) on port 15749
Only local connections are allowed.
Please protect ports used by ChromeDriver and related test frameworks to prevent access by malicious code.
Jan 18, 2020 4:10:13 PM org.openqa.selenium.remote.ProtocolHandshake createSession
INFO: Detected dialect: W3C
]]></system-err>
</testsuite>
